2023-07-06 10:15:09.065 [http-nio-8081-exec-7] INFO  GetAll - Success
2023-07-06 10:27:55.894 [http-nio-8081-exec-2] INFO  GetAll - Success
2023-07-06 10:36:38.980 [http-nio-8081-exec-4] INFO  GetAll - Success
2023-07-06 10:36:39.918 [http-nio-8081-exec-2] INFO  GetAll - Success
2023-07-06 10:49:32.931 [http-nio-8081-exec-2] INFO  CrudOperations - Updated
2023-07-06 10:50:07.403 [http-nio-8081-exec-5] INFO  CrudOperations - Success
2023-07-06 10:50:28.243 [http-nio-8081-exec-8] INFO  CrudOperations - Not found
2023-07-06 10:51:10.061 [http-nio-8081-exec-10] INFO  GetAll - Success
2023-07-06 10:51:25.047 [http-nio-8081-exec-1] ERROR GetAll - An exception occurred : org.postgresql.util.PSQLException: The column name rollno was not found in this ResultSet.
2023-07-06 10:51:55.026 [http-nio-8081-exec-5] INFO  GetAll - Success
2023-07-06 11:10:26.235 [http-nio-8081-exec-3] INFO  CrudOperations - Updated
2023-07-06 11:10:49.101 [http-nio-8081-exec-6] INFO  GetAll - Success
2023-07-06 12:06:26.861 [http-nio-8081-exec-4] INFO  CrudOperations - Not found
2023-07-06 12:06:30.752 [http-nio-8081-exec-10] INFO  CrudOperations - Not found
2023-07-06 12:07:34.956 [http-nio-8081-exec-3] INFO  CrudOperations - Success
2023-07-10 15:43:49.525 [http-nio-8081-exec-4] INFO  GetAll - Success
2023-07-10 15:44:58.520 [http-nio-8081-exec-8] INFO  CrudOperations - Not found
2023-07-10 15:47:13.972 [http-nio-8081-exec-4] INFO  GetAll - Success
2023-07-10 15:47:18.786 [http-nio-8081-exec-6] INFO  CrudOperations - Success
2023-07-10 15:47:25.583 [http-nio-8081-exec-7] INFO  CrudOperations - Success
2023-07-10 15:47:28.192 [http-nio-8081-exec-8] INFO  CrudOperations - Not found
2023-07-10 15:50:06.682 [http-nio-8081-exec-4] INFO  GetAll - Success
2023-07-10 15:50:59.983 [http-nio-8081-exec-4] INFO  GetAll - Success
2023-07-11 00:05:15.580 [http-nio-8081-exec-4] INFO  GetAll - Success
2023-07-11 00:05:20.661 [http-nio-8081-exec-6] INFO  CrudOperations - Success
2023-07-11 00:05:33.611 [http-nio-8081-exec-7] INFO  CrudOperations - Success
2023-07-11 00:05:36.777 [http-nio-8081-exec-8] INFO  CrudOperations - Not found
2023-07-11 00:05:39.598 [http-nio-8081-exec-9] INFO  CrudOperations - Success
2023-07-11 00:05:40.407 [http-nio-8081-exec-10] INFO  CrudOperations - Success
2023-07-11 11:02:26.934 [http-nio-8081-exec-5] INFO  CrudOperations - StudentDetails database successfully connected
2023-07-11 11:02:26.988 [http-nio-8081-exec-5] INFO  CrudOperations - GetAllStudent operation is successfully done.
2023-07-11 11:02:31.525 [http-nio-8081-exec-6] INFO  CrudOperations - StudentDetails database successfully connected
2023-07-11 11:02:31.568 [http-nio-8081-exec-6] INFO  CrudOperations - GetByStudentId operation is successfully done
2023-07-11 11:21:24.367 [http-nio-8081-exec-3] INFO  CrudOperations - StudentDetails database successfully connected
2023-07-11 11:21:24.420 [http-nio-8081-exec-3] INFO  CrudOperations - GetAllStudent operation is successfully done.
2023-07-11 11:21:38.346 [http-nio-8081-exec-4] INFO  CrudOperations - StudentDetails database successfully connected
2023-07-11 11:21:38.409 [http-nio-8081-exec-4] INFO  CrudOperations - GetByStudentId operation is successfully done
2023-07-11 11:24:17.291 [http-nio-8081-exec-7] INFO  CrudOperations - StudentDetails database successfully connected
2023-07-11 11:24:17.302 [http-nio-8081-exec-7] INFO  CrudOperations - GetAllStudent operation is successfully done.
2023-07-11 11:24:55.760 [http-nio-8081-exec-9] INFO  CrudOperations - StudentDetails database successfully connected
2023-07-11 11:24:55.783 [http-nio-8081-exec-9] INFO  CrudOperations - Student record successfully deleted.
2023-07-11 11:25:07.416 [http-nio-8081-exec-3] INFO  CrudOperations - StudentDetails database successfully connected
2023-07-11 11:25:07.428 [http-nio-8081-exec-3] INFO  CrudOperations - GetAllStudent operation is successfully done.
2023-07-11 11:41:25.824 [http-nio-8081-exec-9] INFO  CrudOperations - StudentDetails database successfully connected
2023-07-11 11:41:25.870 [http-nio-8081-exec-9] INFO  CrudOperations - GetAllStudent operation is successfully done.
2023-07-11 11:41:44.858 [http-nio-8081-exec-10] INFO  CrudOperations - StudentDetails database successfully connected
2023-07-11 11:41:44.911 [http-nio-8081-exec-10] INFO  CrudOperations - GetByStudentId operation is successfully done
2023-07-11 11:41:47.278 [http-nio-8081-exec-1] INFO  CrudOperations - StudentDetails database successfully connected
2023-07-11 11:41:47.289 [http-nio-8081-exec-1] INFO  CrudOperations - GetByStudentId operation is successfully done
2023-07-11 11:42:05.094 [http-nio-8081-exec-2] INFO  CrudOperations - StudentDetails database successfully connected
2023-07-11 11:42:05.111 [http-nio-8081-exec-2] INFO  CrudOperations - Rollno not found. Can't get.
